<?xml version="1.0" encoding="UTF-8"?>
<!-- Generated by org.testng.reporters.JUnitReportReporter -->
<testsuite skipped="0" hostname="Venkat-PC" name="com.test.uiAutomation.MasherqDigital.ContactPage.ContactPageTestCases" tests="1" failures="0" timestamp="22 Jul 2019 17:04:45 GMT" time="1.176" errors="0">
  <testcase name="verifyContactFormFields" time="1.176" classname="com.test.uiAutomation.MasherqDigital.ContactPage.ContactPageTestCases"/>
</testsuite> <!-- com.test.uiAutomation.MasherqDigital.ContactPage.ContactPageTestCases -->
