<?xml version="1.0" encoding="UTF-8"?>
<!-- Generated by org.testng.reporters.JUnitReportReporter -->
<testsuite skipped="0" hostname="Venkat-PC" name="com.test.uiAutomation.MasherqDigital.ContactPage.ContactPageFieldValidationTestCases" tests="3" failures="0" timestamp="22 Jul 2019 17:04:46 GMT" time="33.766" errors="0">
  <testcase name="ContactPageTC001_verifyPhoneNumberField" time="11.617" classname="com.test.uiAutomation.MasherqDigital.ContactPage.ContactPageFieldValidationTestCases"/>
  <testcase name="ContactPageTC002_verify_Iamlookingto" time="10.967" classname="com.test.uiAutomation.MasherqDigital.ContactPage.ContactPageFieldValidationTestCases"/>
  <testcase name="ContactPageTC003_verifyContactFormFields_validdata" time="11.182" classname="com.test.uiAutomation.MasherqDigital.ContactPage.ContactPageFieldValidationTestCases"/>
</testsuite> <!-- com.test.uiAutomation.MasherqDigital.ContactPage.ContactPageFieldValidationTestCases -->
